0 info it worked if it ends with ok
1 verbose cli [ '/usr/local/bin/node', '/usr/local/bin/npm', 'run', 'test' ]
2 info using npm@3.8.9
3 info using node@v6.1.0
4 verbose run-script [ 'pretest', 'test', 'posttest' ]
5 info lifecycle indigo@0.1.0~pretest: indigo@0.1.0
6 silly lifecycle indigo@0.1.0~pretest: no script for pretest, continuing
7 info lifecycle indigo@0.1.0~test: indigo@0.1.0
8 verbose lifecycle indigo@0.1.0~test: unsafe-perm in lifecycle true
9 verbose lifecycle indigo@0.1.0~test: PATH: /usr/local/lib/node_modules/npm/bin/node-gyp-bin:/Users/jaime/Desktop/indigo/node_modules/.bin:/usr/local/bin:/usr/local/bin:/usr/bin:/bin:/usr/sbin:/sbin:/opt/X11/bin:/usr/local/go/bin:/usr/texbin:/usr/local/go/bin/go
10 verbose lifecycle indigo@0.1.0~test: CWD: /Users/jaime/Desktop/indigo
11 silly lifecycle indigo@0.1.0~test: Args: [ '-c', 'bundle exec htmlproof ./_site' ]
12 silly lifecycle indigo@0.1.0~test: Returned: code: 1  signal: null
13 info lifecycle indigo@0.1.0~test: Failed to exec test script
14 verbose stack Error: indigo@0.1.0 test: `bundle exec htmlproof ./_site`
14 verbose stack Exit status 1
14 verbose stack     at EventEmitter.<anonymous> (/usr/local/lib/node_modules/npm/lib/utils/lifecycle.js:245:16)
14 verbose stack     at emitTwo (events.js:106:13)
14 verbose stack     at EventEmitter.emit (events.js:191:7)
14 verbose stack     at ChildProcess.<anonymous> (/usr/local/lib/node_modules/npm/lib/utils/spawn.js:24:14)
14 verbose stack     at emitTwo (events.js:106:13)
14 verbose stack     at ChildProcess.emit (events.js:191:7)
14 verbose stack     at maybeClose (internal/child_process.js:850:16)
14 verbose stack     at Process.ChildProcess._handle.onexit (internal/child_process.js:215:5)
15 verbose pkgid indigo@0.1.0
16 verbose cwd /Users/jaime/Desktop/indigo
17 error Darwin 14.5.0
18 error argv "/usr/local/bin/node" "/usr/local/bin/npm" "run" "test"
19 error node v6.1.0
20 error npm  v3.8.9
21 error code ELIFECYCLE
22 error indigo@0.1.0 test: `bundle exec htmlproof ./_site`
22 error Exit status 1
23 error Failed at the indigo@0.1.0 test script 'bundle exec htmlproof ./_site'.
23 error Make sure you have the latest version of node.js and npm installed.
23 error If you do, this is most likely a problem with the indigo package,
23 error not with npm itself.
23 error Tell the author that this fails on your system:
23 error     bundle exec htmlproof ./_site
23 error You can get information on how to open an issue for this project with:
23 error     npm bugs indigo
23 error Or if that isn't available, you can get their info via:
23 error     npm owner ls indigo
23 error There is likely additional logging output above.
24 verbose exit [ 1, true ]
